[21-Mar-2025 17:03:34 Europe/Berlin] Received login request
[21-Mar-2025 17:05:46 Europe/Berlin] Received login request
[21-Mar-2025 17:08:04 Europe/Berlin] Received login request
[21-Mar-2025 17:13:57 Europe/Berlin] Received login request
[21-Mar-2025 17:14:20 Europe/Berlin] Received login request
[21-Mar-2025 17:14:21 Europe/Berlin] Received login request
[21-Mar-2025 17:14:22 Europe/Berlin] Received login request
[21-Mar-2025 17:14:22 Europe/Berlin] Received login request
[21-Mar-2025 17:14:23 Europe/Berlin] Received login request
[21-Mar-2025 17:14:23 Europe/Berlin] Received login request
[21-Mar-2025 17:14:23 Europe/Berlin] Received login request
[21-Mar-2025 17:14:23 Europe/Berlin] Received login request
[21-Mar-2025 17:14:23 Europe/Berlin] Received login request
[21-Mar-2025 17:31:08 Europe/Berlin] Received login request
[21-Mar-2025 17:31:14 Europe/Berlin] Received login request
[21-Mar-2025 17:35:35 Europe/Berlin] Received login request
[21-Mar-2025 17:35:35 Europe/Berlin] Email: rouan@gmail.com
[21-Mar-2025 17:35:35 Europe/Berlin] Password: 123
[21-Mar-2025 17:45:59 Europe/Berlin] Received login request
[21-Mar-2025 17:45:59 Europe/Berlin] Email: rouan@gmail.com
[21-Mar-2025 17:45:59 Europe/Berlin] Password: 123
[21-Mar-2025 17:48:11 Europe/Berlin] Received login request
[21-Mar-2025 17:48:11 Europe/Berlin] Email: rouan@gmail.com
[21-Mar-2025 17:48:11 Europe/Berlin] Password: 123
[21-Mar-2025 17:49:26 Europe/Berlin] Received login request
[21-Mar-2025 17:49:26 Europe/Berlin] Email: rouan@gmail.com
[21-Mar-2025 17:49:26 Europe/Berlin] Password: 123
[21-Mar-2025 17:55:33 Europe/Berlin] Received login request
[21-Mar-2025 17:55:33 Europe/Berlin] Email: rouan@gmail.com
[21-Mar-2025 17:55:33 Europe/Berlin] Password: 123
[21-Mar-2025 17:57:07 Europe/Berlin] Received login request
[21-Mar-2025 17:57:07 Europe/Berlin] Email: rouan@gmail.com
[21-Mar-2025 17:57:07 Europe/Berlin] Password: 123
[21-Mar-2025 17:57:38 Europe/Berlin] Received login request
[21-Mar-2025 17:57:38 Europe/Berlin] Email: rouan@gmail.com
[21-Mar-2025 17:57:38 Europe/Berlin] Password: 123
[21-Mar-2025 17:58:41 Europe/Berlin] Received login request
[21-Mar-2025 17:58:41 Europe/Berlin] Email: rouan@gmail.com
[21-Mar-2025 17:58:41 Europe/Berlin] Password: 123
[21-Mar-2025 17:59:39 Europe/Berlin] Received login request
[21-Mar-2025 17:59:39 Europe/Berlin] Email: rouan@gmail.com
[21-Mar-2025 17:59:39 Europe/Berlin] Password: 123
[21-Mar-2025 18:01:27 Europe/Berlin] Received login request
[21-Mar-2025 18:01:27 Europe/Berlin] Email: rouan.aya123@gmail.com
[21-Mar-2025 18:01:27 Europe/Berlin] Password: 123
[21-Mar-2025 18:01:30 Europe/Berlin] Received login request
[21-Mar-2025 18:01:30 Europe/Berlin] Email: rouan.aya123@gmail.com
[21-Mar-2025 18:01:30 Europe/Berlin] Password: 123
[21-Mar-2025 18:01:34 Europe/Berlin] Received login request
[21-Mar-2025 18:01:34 Europe/Berlin] Email: rouan@gmail.com
[21-Mar-2025 18:01:34 Europe/Berlin] Password: 123
[21-Mar-2025 18:17:13 Europe/Berlin] Received login request
[21-Mar-2025 18:17:13 Europe/Berlin] Email: rouan@gmail.com
[21-Mar-2025 18:17:13 Europe/Berlin] Password: 123
[22-Mar-2025 12:22:20 Europe/Berlin] Received login request
[22-Mar-2025 12:22:20 Europe/Berlin] Email: rouan@gmail.com
[22-Mar-2025 12:22:20 Europe/Berlin] Password: 123
[22-Mar-2025 12:33:21 Europe/Berlin] Received login request
[22-Mar-2025 12:33:21 Europe/Berlin] Email: rouan@gmail.com
[22-Mar-2025 12:33:21 Europe/Berlin] Password: 123
[22-Mar-2025 12:33:22 Europe/Berlin] Received login request
[22-Mar-2025 12:33:22 Europe/Berlin] Email: rouan@gmail.com
[22-Mar-2025 12:33:22 Europe/Berlin] Password: 123
[22-Mar-2025 12:33:23 Europe/Berlin] Received login request
[22-Mar-2025 12:33:23 Europe/Berlin] Email: rouan@gmail.com
[22-Mar-2025 12:33:23 Europe/Berlin] Password: 123
[22-Mar-2025 12:33:24 Europe/Berlin] Received login request
[22-Mar-2025 12:33:24 Europe/Berlin] Email: rouan@gmail.com
[22-Mar-2025 12:33:24 Europe/Berlin] Password: 123
[22-Mar-2025 12:35:01 Europe/Berlin] Received login request
[22-Mar-2025 12:35:01 Europe/Berlin] Email: rouan@gmail.com
[22-Mar-2025 12:35:01 Europe/Berlin] Password: 123
[22-Mar-2025 12:35:03 Europe/Berlin] Received login request
[22-Mar-2025 12:35:03 Europe/Berlin] Email: rouan@gmail.com
[22-Mar-2025 12:35:03 Europe/Berlin] Password: 123
[22-Mar-2025 12:37:07 Europe/Berlin] Received login request
[22-Mar-2025 12:37:07 Europe/Berlin] Email: rouan@gmail.com
[22-Mar-2025 12:37:07 Europe/Berlin] Password: 123
[22-Mar-2025 12:45:57 Europe/Berlin] Received login request
[22-Mar-2025 12:45:57 Europe/Berlin] Email: rouan@gmail.com
[22-Mar-2025 12:45:57 Europe/Berlin] Password: 123
[22-Mar-2025 12:47:25 Europe/Berlin] Received login request
[22-Mar-2025 12:47:25 Europe/Berlin] Email: rouan@gmail.com
[22-Mar-2025 12:47:25 Europe/Berlin] Password: 123
[22-Mar-2025 12:54:34 Europe/Berlin] Received login request
[22-Mar-2025 12:54:34 Europe/Berlin] Email: rouan@gmail.comm
[22-Mar-2025 12:54:34 Europe/Berlin] Password: 123
[22-Mar-2025 12:54:38 Europe/Berlin] Received login request
[22-Mar-2025 12:54:38 Europe/Berlin] Email: rouan@gmail.com
[22-Mar-2025 12:54:38 Europe/Berlin] Password: 123
[22-Mar-2025 12:59:23 Europe/Berlin] Received login request
[22-Mar-2025 12:59:23 Europe/Berlin] Email: rouan@gmail.com
[22-Mar-2025 12:59:23 Europe/Berlin] Password: 123
[22-Mar-2025 14:49:15 Europe/Berlin] Received login request
[22-Mar-2025 14:49:15 Europe/Berlin] Email: rouan@gmail.com
[22-Mar-2025 14:49:15 Europe/Berlin] Password: 123
[22-Mar-2025 14:52:27 Europe/Berlin] Received login request
[22-Mar-2025 14:52:27 Europe/Berlin] Email: rouan@gmail.com
[22-Mar-2025 14:52:27 Europe/Berlin] Password: 123
